e:\qt5.9.1\data\alarm\ui_addaccesslinkagerule.h
e:\qt5.9.1\data\alarm\ui_addlinkagerule.h
e:\qt5.9.1\data\alarm\ui_alarm.h
e:\qt5.9.1\data\alarm\ui_alarmcfg.h
e:\qt5.9.1\data\alarm\ui_linkageprevrec.h
e:\qt5.9.1\data\alarm\ui_linkageptz.h
e:\qt5.9.1\data\alarm\ui_linkagetvwall.h
e:\qt5.9.1\data\alarm\debug\qrc_log.cpp
e:\qt5.9.1\data\alarm\debug\moc_addaccesslinkagerule.cpp
e:\qt5.9.1\data\alarm\debug\moc_addlinkagerule.cpp
e:\qt5.9.1\data\alarm\debug\moc_alarm.cpp
e:\qt5.9.1\data\alarm\debug\moc_alarmcfg.cpp
e:\qt5.9.1\data\alarm\debug\moc_linkageprevrec.cpp
e:\qt5.9.1\data\alarm\debug\moc_linkageptz.cpp
e:\qt5.9.1\data\alarm\debug\moc_linkagetvwall.cpp
e:\qt5.9.1\data\alarm\win32\debug\alarmcfg.obj
e:\qt5.9.1\data\alarm\win32\debug\main.obj
e:\qt5.9.1\data\alarm\win32\debug\moc_addlinkagerule.obj
e:\qt5.9.1\data\alarm\win32\debug\moc_linkagetvwall.obj
e:\qt5.9.1\data\alarm\win32\debug\alarm.obj
e:\qt5.9.1\data\alarm\win32\debug\linkageprevrec.obj
e:\qt5.9.1\data\alarm\win32\debug\qrc_log.obj
e:\qt5.9.1\data\alarm\win32\debug\moc_addaccesslinkagerule.obj
e:\qt5.9.1\data\alarm\win32\debug\addaccesslinkagerule.obj
e:\qt5.9.1\data\alarm\win32\debug\linkagetvwall.obj
e:\qt5.9.1\data\alarm\win32\debug\moc_alarmcfg.obj
e:\qt5.9.1\data\alarm\win32\debug\moc_linkageptz.obj
e:\qt5.9.1\data\alarm\win32\debug\addlinkagerule.obj
e:\qt5.9.1\data\alarm\win32\debug\linkageptz.obj
e:\qt5.9.1\data\alarm\win32\debug\moc_alarm.obj
e:\qt5.9.1\data\alarm\win32\debug\moc_linkageprevrec.obj
e:\qt5.9.1\data\alarm\win32\debug\vc140.pdb
e:\qt5.9.1\data\alarm\debug\moc_predefs.h
e:\qt5.9.1\data\alarm\debug\ivms_alarm.ilk
e:\qt5.9.1\data\alarm\debug\ivms_alarm.exe
e:\qt5.9.1\data\alarm\debug\ivms_alarm.pdb
e:\qt5.9.1\data\alarm\win32\debug\alarm.tlog\alarm.write.1u.tlog
e:\qt5.9.1\data\alarm\win32\debug\alarm.tlog\cl.command.1.tlog
e:\qt5.9.1\data\alarm\win32\debug\alarm.tlog\cl.read.1.tlog
e:\qt5.9.1\data\alarm\win32\debug\alarm.tlog\cl.write.1.tlog
e:\qt5.9.1\data\alarm\win32\debug\alarm.tlog\custombuild.command.1.tlog
e:\qt5.9.1\data\alarm\win32\debug\alarm.tlog\custombuild.read.1.tlog
e:\qt5.9.1\data\alarm\win32\debug\alarm.tlog\custombuild.write.1.tlog
e:\qt5.9.1\data\alarm\win32\debug\alarm.tlog\link.command.1.tlog
e:\qt5.9.1\data\alarm\win32\debug\alarm.tlog\link.read.1.tlog
e:\qt5.9.1\data\alarm\win32\debug\alarm.tlog\link.write.1.tlog
e:\qt5.9.1\data\alarm\win32\debug\alarm.tlog\moc.read.1u.tlog
e:\qt5.9.1\data\alarm\win32\debug\alarm.tlog\moc.write.1u.tlog
e:\qt5.9.1\data\alarm\win32\debug\alarm.tlog\rcc.read.1u.tlog
e:\qt5.9.1\data\alarm\win32\debug\alarm.tlog\rcc.write.1u.tlog
e:\qt5.9.1\data\alarm\win32\debug\alarm.tlog\uic.read.1u.tlog
e:\qt5.9.1\data\alarm\win32\debug\alarm.tlog\uic.write.1u.tlog
