e:\qt5.9.1\data\log\debug\moc_log.obj
e:\qt5.9.1\data\log\debug\main.obj
e:\qt5.9.1\data\log\debug\qrc_log.obj
e:\qt5.9.1\data\log\debug\moc_alarminfowidget.obj
e:\qt5.9.1\data\log\debug\log.obj
e:\qt5.9.1\data\log\debug\alarminfowidget.obj
e:\qt5.9.1\data\log\debug\vc140.pdb
e:\qt5.9.1\data\log\debug\moc_predefs.h
e:\qt5.9.1\data\log\ui_alarminfowidget.h
e:\qt5.9.1\data\log\ui_log.h
e:\qt5.9.1\data\log\debug\qrc_log.cpp
e:\qt5.9.1\data\log\debug\moc_alarminfowidget.cpp
e:\qt5.9.1\data\log\debug\moc_log.cpp
e:\qt5.9.1\data\log\debug\ivms_log.pdb
e:\qt5.9.1\data\log\debug\log.tlog\cl.command.1.tlog
e:\qt5.9.1\data\log\debug\log.tlog\cl.read.1.tlog
e:\qt5.9.1\data\log\debug\log.tlog\cl.write.1.tlog
e:\qt5.9.1\data\log\debug\log.tlog\custombuild.command.1.tlog
e:\qt5.9.1\data\log\debug\log.tlog\custombuild.read.1.tlog
e:\qt5.9.1\data\log\debug\log.tlog\custombuild.write.1.tlog
e:\qt5.9.1\data\log\debug\log.tlog\link-cvtres.read.1.tlog
e:\qt5.9.1\data\log\debug\log.tlog\link-cvtres.write.1.tlog
e:\qt5.9.1\data\log\debug\log.tlog\link-rc.read.1.tlog
e:\qt5.9.1\data\log\debug\log.tlog\link-rc.write.1.tlog
e:\qt5.9.1\data\log\debug\log.tlog\link.command.1.tlog
e:\qt5.9.1\data\log\debug\log.tlog\link.read.1.tlog
e:\qt5.9.1\data\log\debug\log.tlog\link.write.1.tlog
e:\qt5.9.1\data\log\debug\log.tlog\log.write.1u.tlog
e:\qt5.9.1\data\log\debug\log.tlog\moc.read.1u.tlog
e:\qt5.9.1\data\log\debug\log.tlog\moc.write.1u.tlog
e:\qt5.9.1\data\log\debug\log.tlog\rcc.read.1u.tlog
e:\qt5.9.1\data\log\debug\log.tlog\rcc.write.1u.tlog
e:\qt5.9.1\data\log\debug\log.tlog\uic.read.1u.tlog
e:\qt5.9.1\data\log\debug\log.tlog\uic.write.1u.tlog
