  Generate moc_predefs.h
  Uic'ing log.ui...
  Moc'ing log.h...
  log.cpp
  main.cpp
  moc_log.cpp
log.cpp : warning C4819: 该文件包含不能在当前代码页(936)中表示的字符。请将该文件保存为 Unicode 格式以防止数据丢失
e:\qt5.9.1\data\log\log.h : warning C4819: 该文件包含不能在当前代码页(936)中表示的字符。请将该文件保存为 Unicode 格式以防止数据丢失 (编译源文件 main.cpp)
e:\qt5.9.1\data\log\log.h : warning C4819: 该文件包含不能在当前代码页(936)中表示的字符。请将该文件保存为 Unicode 格式以防止数据丢失 (编译源文件 log.cpp)
e:\qt5.9.1\data\log\debug\../log.h : warning C4819: 该文件包含不能在当前代码页(936)中表示的字符。请将该文件保存为 Unicode 格式以防止数据丢失 (编译源文件 Debug\moc_log.cpp)
e:\qt5.9.1\data\log\./lib/cms_connect_parse_common.h(2121): warning C4200: 使用了非标准扩展: 结构/联合中的零大小数组 (编译源文件 log.cpp)
  e:\qt5.9.1\data\log\./lib/cms_connect_parse_common.h(2121): note: 默认构造函数或 copy/move 赋值运算符将忽略此成员 (编译源文件 log.cpp)
e:\qt5.9.1\data\log\./lib/cms_connect_parse_common.h(2128): warning C4200: 使用了非标准扩展: 结构/联合中的零大小数组 (编译源文件 log.cpp)
  e:\qt5.9.1\data\log\./lib/cms_connect_parse_common.h(2128): note: 默认构造函数或 copy/move 赋值运算符将忽略此成员 (编译源文件 log.cpp)
e:\qt5.9.1\data\log\./lib/cms_connect_parse_common.h(2406): warning C4200: 使用了非标准扩展: 结构/联合中的零大小数组 (编译源文件 log.cpp)
  e:\qt5.9.1\data\log\./lib/cms_connect_parse_common.h(2406): note: 默认构造函数或 copy/move 赋值运算符将忽略此成员 (编译源文件 log.cpp)
e:\qt5.9.1\data\log\./lib/cms_connect_parse_common.h(2412): warning C4200: 使用了非标准扩展: 结构/联合中的零大小数组 (编译源文件 log.cpp)
  e:\qt5.9.1\data\log\./lib/cms_connect_parse_common.h(2412): note: 默认构造函数或 copy/move 赋值运算符将忽略此成员 (编译源文件 log.cpp)
log.cpp(73): warning C4100: “event”: 未引用的形参
log.cpp(221): warning C4189: “reply”: 局部变量已初始化但不引用
log.cpp(235): warning C4189: “len”: 局部变量已初始化但不引用
  Log.vcxproj -> E:\qt5.9.1\data\Log\debug\ivms_Log.exe
  Log.vcxproj -> debug\ivms_Log.pdb (Full PDB)
