e:\qt5.9.1\data\alarmlog\ui_alarm.h
e:\qt5.9.1\data\alarmlog\ui_log.h
e:\qt5.9.1\data\alarmlog\debug\qrc_log.cpp
e:\qt5.9.1\data\alarmlog\debug\moc_alarm.cpp
e:\qt5.9.1\data\alarmlog\debug\moc_log.cpp
e:\qt5.9.1\data\alarmlog\x64\debug\alarm.obj
e:\qt5.9.1\data\alarmlog\x64\debug\log.obj
e:\qt5.9.1\data\alarmlog\x64\debug\qrc_log.obj
e:\qt5.9.1\data\alarmlog\x64\debug\moc_alarm.obj
e:\qt5.9.1\data\alarmlog\x64\debug\moc_log.obj
e:\qt5.9.1\data\alarmlog\x64\debug\main.obj
e:\qt5.9.1\data\alarmlog\x64\debug\vc140.pdb
e:\qt5.9.1\data\alarmlog\debug\moc_predefs.h
e:\qt5.9.1\data\alarmlog\debug\alarmlog.ilk
e:\qt5.9.1\data\alarmlog\debug\alarmlog.exe
e:\qt5.9.1\data\alarmlog\debug\alarmlog.pdb
e:\qt5.9.1\data\alarmlog\x64\debug\alarmlog.tlog\alarmlog.write.1u.tlog
e:\qt5.9.1\data\alarmlog\x64\debug\alarmlog.tlog\cl.command.1.tlog
e:\qt5.9.1\data\alarmlog\x64\debug\alarmlog.tlog\cl.read.1.tlog
e:\qt5.9.1\data\alarmlog\x64\debug\alarmlog.tlog\cl.write.1.tlog
e:\qt5.9.1\data\alarmlog\x64\debug\alarmlog.tlog\custombuild.command.1.tlog
e:\qt5.9.1\data\alarmlog\x64\debug\alarmlog.tlog\custombuild.read.1.tlog
e:\qt5.9.1\data\alarmlog\x64\debug\alarmlog.tlog\custombuild.write.1.tlog
e:\qt5.9.1\data\alarmlog\x64\debug\alarmlog.tlog\link.command.1.tlog
e:\qt5.9.1\data\alarmlog\x64\debug\alarmlog.tlog\link.read.1.tlog
e:\qt5.9.1\data\alarmlog\x64\debug\alarmlog.tlog\link.write.1.tlog
e:\qt5.9.1\data\alarmlog\x64\debug\alarmlog.tlog\moc.read.1u.tlog
e:\qt5.9.1\data\alarmlog\x64\debug\alarmlog.tlog\moc.write.1u.tlog
e:\qt5.9.1\data\alarmlog\x64\debug\alarmlog.tlog\rcc.read.1u.tlog
e:\qt5.9.1\data\alarmlog\x64\debug\alarmlog.tlog\rcc.write.1u.tlog
e:\qt5.9.1\data\alarmlog\x64\debug\alarmlog.tlog\uic.read.1u.tlog
e:\qt5.9.1\data\alarmlog\x64\debug\alarmlog.tlog\uic.write.1u.tlog
