e:\demo\demo\x64\debug\mainwindow.obj
e:\demo\demo\x64\debug\moc_mainwindow.obj
e:\demo\demo\x64\debug\main.obj
e:\demo\demo\x64\debug\vc140.pdb
e:\demo\demo\debug\moc_predefs.h
e:\demo\demo\ui_mainwindow.h
e:\demo\demo\debug\moc_mainwindow.cpp
e:\demo\demo\x64\debug\demo.tlog\cl.command.1.tlog
e:\demo\demo\x64\debug\demo.tlog\cl.read.1.tlog
e:\demo\demo\x64\debug\demo.tlog\cl.write.1.tlog
e:\demo\demo\x64\debug\demo.tlog\custombuild.command.1.tlog
e:\demo\demo\x64\debug\demo.tlog\custombuild.read.1.tlog
e:\demo\demo\x64\debug\demo.tlog\custombuild.write.1.tlog
e:\demo\demo\x64\debug\demo.tlog\demo.write.1u.tlog
e:\demo\demo\x64\debug\demo.tlog\link-cvtres.read.1.tlog
e:\demo\demo\x64\debug\demo.tlog\link-cvtres.write.1.tlog
e:\demo\demo\x64\debug\demo.tlog\link-rc.read.1.tlog
e:\demo\demo\x64\debug\demo.tlog\link-rc.write.1.tlog
e:\demo\demo\x64\debug\demo.tlog\link.command.1.tlog
e:\demo\demo\x64\debug\demo.tlog\link.read.1.tlog
e:\demo\demo\x64\debug\demo.tlog\link.write.1.tlog
e:\demo\demo\x64\debug\demo.tlog\moc.read.1u.tlog
e:\demo\demo\x64\debug\demo.tlog\moc.write.1u.tlog
e:\demo\demo\x64\debug\demo.tlog\uic.read.1u.tlog
e:\demo\demo\x64\debug\demo.tlog\uic.write.1u.tlog
