e:\qt5.9.1\data\alarm\ui_addaccesslinkagerule.h
e:\qt5.9.1\data\alarm\ui_addlinkagerule.h
e:\qt5.9.1\data\alarm\ui_alarm.h
e:\qt5.9.1\data\alarm\ui_alarmcfg.h
e:\qt5.9.1\data\alarm\ui_enabledcontrol.h
e:\qt5.9.1\data\alarm\ui_linkageprevrec.h
e:\qt5.9.1\data\alarm\ui_linkageptz.h
e:\qt5.9.1\data\alarm\ui_linkagetvwall.h
e:\qt5.9.1\data\alarm\ui_loading.h
e:\qt5.9.1\data\alarm\ui_tvwallctrl.h
e:\qt5.9.1\data\alarm\debug\qrc_alarm.cpp
e:\qt5.9.1\data\alarm\debug\moc_addaccesslinkagerule.cpp
e:\qt5.9.1\data\alarm\debug\moc_addlinkagerule.cpp
e:\qt5.9.1\data\alarm\debug\moc_alarm.cpp
e:\qt5.9.1\data\alarm\debug\moc_alarmcfg.cpp
e:\qt5.9.1\data\alarm\debug\moc_enabledcontrol.cpp
e:\qt5.9.1\data\alarm\debug\moc_linkageprevrec.cpp
e:\qt5.9.1\data\alarm\debug\moc_linkageptz.cpp
e:\qt5.9.1\data\alarm\debug\moc_linkagetvwall.cpp
e:\qt5.9.1\data\alarm\debug\moc_loading.cpp
e:\qt5.9.1\data\alarm\debug\moc_tvwallctrl.cpp
e:\qt5.9.1\data\alarm\debug\alarm.obj
e:\qt5.9.1\data\alarm\debug\linkageprevrec.obj
e:\qt5.9.1\data\alarm\debug\main.obj
e:\qt5.9.1\data\alarm\debug\moc_enabledcontrol.obj
e:\qt5.9.1\data\alarm\debug\moc_loading.obj
e:\qt5.9.1\data\alarm\debug\addlinkagerule.obj
e:\qt5.9.1\data\alarm\debug\linkageptz.obj
e:\qt5.9.1\data\alarm\debug\tvwallctrl.obj
e:\qt5.9.1\data\alarm\debug\moc_alarmcfg.obj
e:\qt5.9.1\data\alarm\debug\moc_linkagetvwall.obj
e:\qt5.9.1\data\alarm\debug\addaccesslinkagerule.obj
e:\qt5.9.1\data\alarm\debug\enabledcontrol.obj
e:\qt5.9.1\data\alarm\debug\loading.obj
e:\qt5.9.1\data\alarm\debug\moc_addlinkagerule.obj
e:\qt5.9.1\data\alarm\debug\moc_linkageprevrec.obj
e:\qt5.9.1\data\alarm\debug\moc_tvwallctrl.obj
e:\qt5.9.1\data\alarm\debug\alarmcfg.obj
e:\qt5.9.1\data\alarm\debug\linkagetvwall.obj
e:\qt5.9.1\data\alarm\debug\qrc_alarm.obj
e:\qt5.9.1\data\alarm\debug\moc_addaccesslinkagerule.obj
e:\qt5.9.1\data\alarm\debug\moc_alarm.obj
e:\qt5.9.1\data\alarm\debug\moc_linkageptz.obj
e:\qt5.9.1\data\alarm\debug\vc140.pdb
e:\qt5.9.1\data\alarm\debug\moc_predefs.h
e:\qt5.9.1\data\alarm\debug\ivms_alarmlog.ilk
e:\qt5.9.1\data\alarm\debug\ivms_alarmlog.exe
e:\qt5.9.1\data\alarm\debug\ivms_alarmlog.pdb
e:\qt5.9.1\data\alarm\debug\alarm.tlog\alarm.write.1u.tlog
e:\qt5.9.1\data\alarm\debug\alarm.tlog\cl.command.1.tlog
e:\qt5.9.1\data\alarm\debug\alarm.tlog\cl.read.1.tlog
e:\qt5.9.1\data\alarm\debug\alarm.tlog\cl.write.1.tlog
e:\qt5.9.1\data\alarm\debug\alarm.tlog\custombuild.command.1.tlog
e:\qt5.9.1\data\alarm\debug\alarm.tlog\custombuild.read.1.tlog
e:\qt5.9.1\data\alarm\debug\alarm.tlog\custombuild.write.1.tlog
e:\qt5.9.1\data\alarm\debug\alarm.tlog\link.command.1.tlog
e:\qt5.9.1\data\alarm\debug\alarm.tlog\link.read.1.tlog
e:\qt5.9.1\data\alarm\debug\alarm.tlog\link.write.1.tlog
e:\qt5.9.1\data\alarm\debug\alarm.tlog\moc.read.1u.tlog
e:\qt5.9.1\data\alarm\debug\alarm.tlog\moc.write.1u.tlog
e:\qt5.9.1\data\alarm\debug\alarm.tlog\rcc.read.1u.tlog
e:\qt5.9.1\data\alarm\debug\alarm.tlog\rcc.write.1u.tlog
e:\qt5.9.1\data\alarm\debug\alarm.tlog\uic.read.1u.tlog
e:\qt5.9.1\data\alarm\debug\alarm.tlog\uic.write.1u.tlog
